{"/Users/matt.egan/Sites/my-sites/benMattCommerce/src/App.tsx": {"path":"/Users/matt.egan/Sites/my-sites/benMattCommerce/src/App.tsx","statementMap":{"0":{"start":{"line":1,"column":0},"end":{"line":1,"column":26}},"1":{"start":{"line":4,"column":0},"end":{"line":4,"column":49}},"2":{"start":{"line":7,"column":12},"end":{"line":17,"column":null}},"3":{"start":{"line":8,"column":2},"end":{"line":16,"column":null}},"4":{"start":{"line":20,"column":0},"end":{"line":20,"column":19}}},"fnMap":{"0":{"name":"(anonymous_1)","decl":{"start":{"line":7,"column":12},"end":{"line":7,"column":35}},"loc":{"start":{"line":8,"column":2},"end":{"line":16,"column":null}}}},"branchMap":{},"s":{"0":1,"1":1,"2":1,"3":2,"4":1},"f":{"0":2},"b":{}}
,"/Users/matt.egan/Sites/my-sites/benMattCommerce/src/components/Title/Title.tsx": {"path":"/Users/matt.egan/Sites/my-sites/benMattCommerce/src/components/Title/Title.tsx","statementMap":{"0":{"start":{"line":1,"column":0},"end":{"line":1,"column":49}},"1":{"start":{"line":10,"column":13},"end":{"line":12,"column":2}},"2":{"start":{"line":11,"column":2},"end":{"line":11,"column":37}}},"fnMap":{"0":{"name":"(anonymous_1)","decl":{"start":{"line":10,"column":47},"end":{"line":10,"column":48}},"loc":{"start":{"line":10,"column":64},"end":{"line":12,"column":1}}}},"branchMap":{},"s":{"0":2,"1":2,"2":7},"f":{"0":7},"b":{}}
}
